  volk.cpp
C:\Users\Ev\Desktop\IVT-22\2-й курс\выш_мат\3\volk\volk\volk.cpp(12,15): warning C4244: 'argument': conversion from 'time_t' to 'unsigned int', possible loss of data
C:\Users\Ev\Desktop\IVT-22\2-й курс\выш_мат\3\volk\volk\volk.cpp(28,13): warning C4566: character represented by universal-character-name '\u041C' cannot be represented in the current code page (1252)
C:\Users\Ev\Desktop\IVT-22\2-й курс\выш_мат\3\volk\volk\volk.cpp(28,13): warning C4566: character represented by universal-character-name '\u0430' cannot be represented in the current code page (1252)
C:\Users\Ev\Desktop\IVT-22\2-й курс\выш_мат\3\volk\volk\volk.cpp(28,13): warning C4566: character represented by universal-character-name '\u0442' cannot be represented in the current code page (1252)
C:\Users\Ev\Desktop\IVT-22\2-й курс\выш_мат\3\volk\volk\volk.cpp(28,13): warning C4566: character represented by universal-character-name '\u0440' cannot be represented in the current code page (1252)
C:\Users\Ev\Desktop\IVT-22\2-й курс\выш_мат\3\volk\volk\volk.cpp(28,13): warning C4566: character represented by universal-character-name '\u0438' cannot be represented in the current code page (1252)
C:\Users\Ev\Desktop\IVT-22\2-й курс\выш_мат\3\volk\volk\volk.cpp(28,13): warning C4566: character represented by universal-character-name '\u0446' cannot be represented in the current code page (1252)
C:\Users\Ev\Desktop\IVT-22\2-й курс\выш_мат\3\volk\volk\volk.cpp(28,13): warning C4566: character represented by universal-character-name '\u0441' cannot be represented in the current code page (1252)
C:\Users\Ev\Desktop\IVT-22\2-й курс\выш_мат\3\volk\volk\volk.cpp(28,13): warning C4566: character represented by universal-character-name '\u0435' cannot be represented in the current code page (1252)
C:\Users\Ev\Desktop\IVT-22\2-й курс\выш_мат\3\volk\volk\volk.cpp(28,13): warning C4566: character represented by universal-character-name '\u043C' cannot be represented in the current code page (1252)
C:\Users\Ev\Desktop\IVT-22\2-й курс\выш_мат\3\volk\volk\volk.cpp(28,13): warning C4566: character represented by universal-character-name '\u044B' cannot be represented in the current code page (1252)
C:\Users\Ev\Desktop\IVT-22\2-й курс\выш_мат\3\volk\volk\volk.cpp(42,13): warning C4566: character represented by universal-character-name '\u0412' cannot be represented in the current code page (1252)
C:\Users\Ev\Desktop\IVT-22\2-й курс\выш_мат\3\volk\volk\volk.cpp(42,13): warning C4566: character represented by universal-character-name '\u0435' cannot be represented in the current code page (1252)
C:\Users\Ev\Desktop\IVT-22\2-й курс\выш_мат\3\volk\volk\volk.cpp(42,13): warning C4566: character represented by universal-character-name '\u043A' cannot be represented in the current code page (1252)
C:\Users\Ev\Desktop\IVT-22\2-й курс\выш_мат\3\volk\volk\volk.cpp(42,13): warning C4566: character represented by universal-character-name '\u0442' cannot be represented in the current code page (1252)
C:\Users\Ev\Desktop\IVT-22\2-й курс\выш_мат\3\volk\volk\volk.cpp(42,13): warning C4566: character represented by universal-character-name '\u043E' cannot be represented in the current code page (1252)
C:\Users\Ev\Desktop\IVT-22\2-й курс\выш_мат\3\volk\volk\volk.cpp(42,13): warning C4566: character represented by universal-character-name '\u0440' cannot be represented in the current code page (1252)
C:\Users\Ev\Desktop\IVT-22\2-й курс\выш_мат\3\volk\volk\volk.cpp(42,13): warning C4566: character represented by universal-character-name '\u0441' cannot be represented in the current code page (1252)
C:\Users\Ev\Desktop\IVT-22\2-й курс\выш_мат\3\volk\volk\volk.cpp(42,13): warning C4566: character represented by universal-character-name '\u0432' cannot be represented in the current code page (1252)
C:\Users\Ev\Desktop\IVT-22\2-й курс\выш_мат\3\volk\volk\volk.cpp(42,13): warning C4566: character represented by universal-character-name '\u0431' cannot be represented in the current code page (1252)
C:\Users\Ev\Desktop\IVT-22\2-й курс\выш_мат\3\volk\volk\volk.cpp(42,13): warning C4566: character represented by universal-character-name '\u0434' cannot be represented in the current code page (1252)
C:\Users\Ev\Desktop\IVT-22\2-й курс\выш_мат\3\volk\volk\volk.cpp(42,13): warning C4566: character represented by universal-character-name '\u043D' cannot be represented in the current code page (1252)
C:\Users\Ev\Desktop\IVT-22\2-й курс\выш_мат\3\volk\volk\volk.cpp(42,13): warning C4566: character represented by universal-character-name '\u044B' cannot be represented in the current code page (1252)
C:\Users\Ev\Desktop\IVT-22\2-й курс\выш_мат\3\volk\volk\volk.cpp(42,13): warning C4566: character represented by universal-character-name '\u0445' cannot be represented in the current code page (1252)
C:\Users\Ev\Desktop\IVT-22\2-й курс\выш_мат\3\volk\volk\volk.cpp(42,13): warning C4566: character represented by universal-character-name '\u044D' cannot be represented in the current code page (1252)
C:\Users\Ev\Desktop\IVT-22\2-й курс\выш_мат\3\volk\volk\volk.cpp(42,13): warning C4566: character represented by universal-character-name '\u0444' cannot be represented in the current code page (1252)
C:\Users\Ev\Desktop\IVT-22\2-й курс\выш_мат\3\volk\volk\volk.cpp(42,13): warning C4566: character represented by universal-character-name '\u0438' cannot be represented in the current code page (1252)
C:\Users\Ev\Desktop\IVT-22\2-й курс\выш_мат\3\volk\volk\volk.cpp(42,13): warning C4566: character represented by universal-character-name '\u0446' cannot be represented in the current code page (1252)
C:\Users\Ev\Desktop\IVT-22\2-й курс\выш_мат\3\volk\volk\volk.cpp(54,13): warning C4566: character represented by universal-character-name '\u0412' cannot be represented in the current code page (1252)
C:\Users\Ev\Desktop\IVT-22\2-й курс\выш_мат\3\volk\volk\volk.cpp(54,13): warning C4566: character represented by universal-character-name '\u0435' cannot be represented in the current code page (1252)
C:\Users\Ev\Desktop\IVT-22\2-й курс\выш_мат\3\volk\volk\volk.cpp(54,13): warning C4566: character represented by universal-character-name '\u043A' cannot be represented in the current code page (1252)
C:\Users\Ev\Desktop\IVT-22\2-й курс\выш_мат\3\volk\volk\volk.cpp(54,13): warning C4566: character represented by universal-character-name '\u0442' cannot be represented in the current code page (1252)
C:\Users\Ev\Desktop\IVT-22\2-й курс\выш_мат\3\volk\volk\volk.cpp(54,13): warning C4566: character represented by universal-character-name '\u043E' cannot be represented in the current code page (1252)
C:\Users\Ev\Desktop\IVT-22\2-й курс\выш_мат\3\volk\volk\volk.cpp(54,13): warning C4566: character represented by universal-character-name '\u0440' cannot be represented in the current code page (1252)
C:\Users\Ev\Desktop\IVT-22\2-й курс\выш_мат\3\volk\volk\volk.cpp(54,13): warning C4566: character represented by universal-character-name '\u0434' cannot be represented in the current code page (1252)
C:\Users\Ev\Desktop\IVT-22\2-й курс\выш_мат\3\volk\volk\volk.cpp(54,13): warning C4566: character represented by universal-character-name '\u0438' cannot be represented in the current code page (1252)
C:\Users\Ev\Desktop\IVT-22\2-й курс\выш_мат\3\volk\volk\volk.cpp(54,13): warning C4566: character represented by universal-character-name '\u0430' cannot be represented in the current code page (1252)
C:\Users\Ev\Desktop\IVT-22\2-й курс\выш_мат\3\volk\volk\volk.cpp(54,13): warning C4566: character represented by universal-character-name '\u0433' cannot be represented in the current code page (1252)
C:\Users\Ev\Desktop\IVT-22\2-й курс\выш_мат\3\volk\volk\volk.cpp(54,13): warning C4566: character represented by universal-character-name '\u043D' cannot be represented in the current code page (1252)
C:\Users\Ev\Desktop\IVT-22\2-й курс\выш_мат\3\volk\volk\volk.cpp(54,13): warning C4566: character represented by universal-character-name '\u043B' cannot be represented in the current code page (1252)
C:\Users\Ev\Desktop\IVT-22\2-й курс\выш_мат\3\volk\volk\volk.cpp(54,13): warning C4566: character represented by universal-character-name '\u044C' cannot be represented in the current code page (1252)
C:\Users\Ev\Desktop\IVT-22\2-й курс\выш_мат\3\volk\volk\volk.cpp(54,13): warning C4566: character represented by universal-character-name '\u044B' cannot be represented in the current code page (1252)
C:\Users\Ev\Desktop\IVT-22\2-й курс\выш_мат\3\volk\volk\volk.cpp(54,13): warning C4566: character represented by universal-character-name '\u0445' cannot be represented in the current code page (1252)
C:\Users\Ev\Desktop\IVT-22\2-й курс\выш_мат\3\volk\volk\volk.cpp(54,13): warning C4566: character represented by universal-character-name '\u044D' cannot be represented in the current code page (1252)
C:\Users\Ev\Desktop\IVT-22\2-й курс\выш_мат\3\volk\volk\volk.cpp(54,13): warning C4566: character represented by universal-character-name '\u0444' cannot be represented in the current code page (1252)
C:\Users\Ev\Desktop\IVT-22\2-й курс\выш_мат\3\volk\volk\volk.cpp(54,13): warning C4566: character represented by universal-character-name '\u0446' cannot be represented in the current code page (1252)
C:\Users\Ev\Desktop\IVT-22\2-й курс\выш_мат\3\volk\volk\volk.cpp(54,13): warning C4566: character represented by universal-character-name '\u0432' cannot be represented in the current code page (1252)
C:\Users\Ev\Desktop\IVT-22\2-й курс\выш_мат\3\volk\volk\volk.cpp(67,13): warning C4566: character represented by universal-character-name '\u0412' cannot be represented in the current code page (1252)
C:\Users\Ev\Desktop\IVT-22\2-й курс\выш_мат\3\volk\volk\volk.cpp(67,13): warning C4566: character represented by universal-character-name '\u0435' cannot be represented in the current code page (1252)
C:\Users\Ev\Desktop\IVT-22\2-й курс\выш_мат\3\volk\volk\volk.cpp(67,13): warning C4566: character represented by universal-character-name '\u043A' cannot be represented in the current code page (1252)
C:\Users\Ev\Desktop\IVT-22\2-й курс\выш_мат\3\volk\volk\volk.cpp(67,13): warning C4566: character represented by universal-character-name '\u0442' cannot be represented in the current code page (1252)
C:\Users\Ev\Desktop\IVT-22\2-й курс\выш_мат\3\volk\volk\volk.cpp(67,13): warning C4566: character represented by universal-character-name '\u043E' cannot be represented in the current code page (1252)
C:\Users\Ev\Desktop\IVT-22\2-й курс\выш_мат\3\volk\volk\volk.cpp(67,13): warning C4566: character represented by universal-character-name '\u0440' cannot be represented in the current code page (1252)
C:\Users\Ev\Desktop\IVT-22\2-й курс\выш_мат\3\volk\volk\volk.cpp(67,13): warning C4566: character represented by universal-character-name '\u043B' cannot be represented in the current code page (1252)
C:\Users\Ev\Desktop\IVT-22\2-й курс\выш_мат\3\volk\volk\volk.cpp(67,13): warning C4566: character represented by universal-character-name '\u0432' cannot be represented in the current code page (1252)
C:\Users\Ev\Desktop\IVT-22\2-й курс\выш_мат\3\volk\volk\volk.cpp(67,13): warning C4566: character represented by universal-character-name '\u0434' cannot be represented in the current code page (1252)
C:\Users\Ev\Desktop\IVT-22\2-й курс\выш_мат\3\volk\volk\volk.cpp(67,13): warning C4566: character represented by universal-character-name '\u0438' cannot be represented in the current code page (1252)
C:\Users\Ev\Desktop\IVT-22\2-й курс\выш_мат\3\volk\volk\volk.cpp(67,13): warning C4566: character represented by universal-character-name '\u0430' cannot be represented in the current code page (1252)
C:\Users\Ev\Desktop\IVT-22\2-й курс\выш_мат\3\volk\volk\volk.cpp(67,13): warning C4566: character represented by universal-character-name '\u0433' cannot be represented in the current code page (1252)
C:\Users\Ev\Desktop\IVT-22\2-й курс\выш_мат\3\volk\volk\volk.cpp(67,13): warning C4566: character represented by universal-character-name '\u043D' cannot be represented in the current code page (1252)
C:\Users\Ev\Desktop\IVT-22\2-й курс\выш_мат\3\volk\volk\volk.cpp(67,13): warning C4566: character represented by universal-character-name '\u044C' cannot be represented in the current code page (1252)
C:\Users\Ev\Desktop\IVT-22\2-й курс\выш_мат\3\volk\volk\volk.cpp(67,13): warning C4566: character represented by universal-character-name '\u044B' cannot be represented in the current code page (1252)
C:\Users\Ev\Desktop\IVT-22\2-й курс\выш_мат\3\volk\volk\volk.cpp(67,13): warning C4566: character represented by universal-character-name '\u0445' cannot be represented in the current code page (1252)
C:\Users\Ev\Desktop\IVT-22\2-й курс\выш_мат\3\volk\volk\volk.cpp(67,13): warning C4566: character represented by universal-character-name '\u044D' cannot be represented in the current code page (1252)
C:\Users\Ev\Desktop\IVT-22\2-й курс\выш_мат\3\volk\volk\volk.cpp(67,13): warning C4566: character represented by universal-character-name '\u0444' cannot be represented in the current code page (1252)
C:\Users\Ev\Desktop\IVT-22\2-й курс\выш_мат\3\volk\volk\volk.cpp(67,13): warning C4566: character represented by universal-character-name '\u0446' cannot be represented in the current code page (1252)
C:\Users\Ev\Desktop\IVT-22\2-й курс\выш_мат\3\volk\volk\volk.cpp(80,13): warning C4566: character represented by universal-character-name '\u0412' cannot be represented in the current code page (1252)
C:\Users\Ev\Desktop\IVT-22\2-й курс\выш_мат\3\volk\volk\volk.cpp(80,13): warning C4566: character represented by universal-character-name '\u0435' cannot be represented in the current code page (1252)
C:\Users\Ev\Desktop\IVT-22\2-й курс\выш_мат\3\volk\volk\volk.cpp(80,13): warning C4566: character represented by universal-character-name '\u043A' cannot be represented in the current code page (1252)
C:\Users\Ev\Desktop\IVT-22\2-й курс\выш_мат\3\volk\volk\volk.cpp(80,13): warning C4566: character represented by universal-character-name '\u0442' cannot be represented in the current code page (1252)
C:\Users\Ev\Desktop\IVT-22\2-й курс\выш_мат\3\volk\volk\volk.cpp(80,13): warning C4566: character represented by universal-character-name '\u043E' cannot be represented in the current code page (1252)
C:\Users\Ev\Desktop\IVT-22\2-й курс\выш_мат\3\volk\volk\volk.cpp(80,13): warning C4566: character represented by universal-character-name '\u0440' cannot be represented in the current code page (1252)
C:\Users\Ev\Desktop\IVT-22\2-й курс\выш_мат\3\volk\volk\volk.cpp(80,13): warning C4566: character represented by universal-character-name '\u043F' cannot be represented in the current code page (1252)
C:\Users\Ev\Desktop\IVT-22\2-й курс\выш_мат\3\volk\volk\volk.cpp(80,13): warning C4566: character represented by universal-character-name '\u0430' cannot be represented in the current code page (1252)
C:\Users\Ev\Desktop\IVT-22\2-й курс\выш_мат\3\volk\volk\volk.cpp(80,13): warning C4566: character represented by universal-character-name '\u0432' cannot be represented in the current code page (1252)
C:\Users\Ev\Desktop\IVT-22\2-й курс\выш_мат\3\volk\volk\volk.cpp(80,13): warning C4566: character represented by universal-character-name '\u0434' cannot be represented in the current code page (1252)
C:\Users\Ev\Desktop\IVT-22\2-й курс\выш_мат\3\volk\volk\volk.cpp(80,13): warning C4566: character represented by universal-character-name '\u0438' cannot be represented in the current code page (1252)
C:\Users\Ev\Desktop\IVT-22\2-й курс\выш_мат\3\volk\volk\volk.cpp(80,13): warning C4566: character represented by universal-character-name '\u0433' cannot be represented in the current code page (1252)
C:\Users\Ev\Desktop\IVT-22\2-й курс\выш_мат\3\volk\volk\volk.cpp(80,13): warning C4566: character represented by universal-character-name '\u043D' cannot be represented in the current code page (1252)
C:\Users\Ev\Desktop\IVT-22\2-й курс\выш_мат\3\volk\volk\volk.cpp(80,13): warning C4566: character represented by universal-character-name '\u043B' cannot be represented in the current code page (1252)
C:\Users\Ev\Desktop\IVT-22\2-й курс\выш_мат\3\volk\volk\volk.cpp(80,13): warning C4566: character represented by universal-character-name '\u044C' cannot be represented in the current code page (1252)
C:\Users\Ev\Desktop\IVT-22\2-й курс\выш_мат\3\volk\volk\volk.cpp(80,13): warning C4566: character represented by universal-character-name '\u044B' cannot be represented in the current code page (1252)
C:\Users\Ev\Desktop\IVT-22\2-й курс\выш_мат\3\volk\volk\volk.cpp(80,13): warning C4566: character represented by universal-character-name '\u0445' cannot be represented in the current code page (1252)
C:\Users\Ev\Desktop\IVT-22\2-й курс\выш_мат\3\volk\volk\volk.cpp(80,13): warning C4566: character represented by universal-character-name '\u044D' cannot be represented in the current code page (1252)
C:\Users\Ev\Desktop\IVT-22\2-й курс\выш_мат\3\volk\volk\volk.cpp(80,13): warning C4566: character represented by universal-character-name '\u0444' cannot be represented in the current code page (1252)
C:\Users\Ev\Desktop\IVT-22\2-й курс\выш_мат\3\volk\volk\volk.cpp(80,13): warning C4566: character represented by universal-character-name '\u0446' cannot be represented in the current code page (1252)
C:\Users\Ev\Desktop\IVT-22\2-й курс\выш_мат\3\volk\volk\volk.cpp(107,13): warning C4566: character represented by universal-character-name '\u0412' cannot be represented in the current code page (1252)
C:\Users\Ev\Desktop\IVT-22\2-й курс\выш_мат\3\volk\volk\volk.cpp(107,13): warning C4566: character represented by universal-character-name '\u0435' cannot be represented in the current code page (1252)
C:\Users\Ev\Desktop\IVT-22\2-й курс\выш_мат\3\volk\volk\volk.cpp(107,13): warning C4566: character represented by universal-character-name '\u043A' cannot be represented in the current code page (1252)
C:\Users\Ev\Desktop\IVT-22\2-й курс\выш_мат\3\volk\volk\volk.cpp(107,13): warning C4566: character represented by universal-character-name '\u0442' cannot be represented in the current code page (1252)
C:\Users\Ev\Desktop\IVT-22\2-й курс\выш_мат\3\volk\volk\volk.cpp(107,13): warning C4566: character represented by universal-character-name '\u043E' cannot be represented in the current code page (1252)
C:\Users\Ev\Desktop\IVT-22\2-й курс\выш_мат\3\volk\volk\volk.cpp(107,13): warning C4566: character represented by universal-character-name '\u0440' cannot be represented in the current code page (1252)
C:\Users\Ev\Desktop\IVT-22\2-й курс\выш_мат\3\volk\volk\volk.cpp(107,13): warning C4566: character represented by universal-character-name '\u0448' cannot be represented in the current code page (1252)
C:\Users\Ev\Desktop\IVT-22\2-й курс\выш_мат\3\volk\volk\volk.cpp(107,13): warning C4566: character represented by universal-character-name '\u043D' cannot be represented in the current code page (1252)
C:\Users\Ev\Desktop\IVT-22\2-й курс\выш_мат\3\volk\volk\volk.cpp(107,13): warning C4566: character represented by universal-character-name '\u0438' cannot be represented in the current code page (1252)
C:\Users\Ev\Desktop\IVT-22\2-й курс\выш_мат\3\volk\volk\volk.cpp(107,13): warning C4566: character represented by universal-character-name '\u044F' cannot be represented in the current code page (1252)
C:\Users\Ev\Desktop\IVT-22\2-й курс\выш_мат\3\volk\volk\volk.cpp(107,13): warning C4566: character represented by universal-character-name '\u0441' cannot be represented in the current code page (1252)
C:\Users\Ev\Desktop\IVT-22\2-й курс\выш_мат\3\volk\volk\volk.cpp(107,13): warning C4566: character represented by universal-character-name '\u043C' cannot be represented in the current code page (1252)
C:\Users\Ev\Desktop\IVT-22\2-й курс\выш_мат\3\volk\volk\volk.cpp(107,13): warning C4566: character represented by universal-character-name '\u044B' cannot be represented in the current code page (1252)
  volk.vcxproj -> C:\Users\Ev\Desktop\IVT-22\2-й курс\выш_мат\3\volk\x64\Debug\volk.exe
